[debug] > Exec(early(addDefaultCommands), None, None)
[debug] > Exec(addDefaultCommands, None, None)
[debug] > Exec(early(initialize), None, None)
[debug] > Exec(initialize, None, None)
[debug] > Exec(boot, None, None)
[debug] > Exec(writeSbtVersion, None, None)
[debug] > Exec(reload, None, None)
[debug] > Exec(sbtStashOnFailure, None, None)
[debug] > Exec(onFailure loadFailed, None, None)
[debug] > Exec(loadp, None, None)
[info] welcome to sbt 1.9.7 (Oracle Corporation Java 19.0.2)
[debug] Load.defaultLoad until apply took 76.6603ms
[debug]           Load.loadUnit: plugins took 95.3943ms
[debug]           Load.loadUnit: defsScala took 0.3441ms
[debug] [Loading] Scanning directory C:\Users\Admin\IdeaProjects\kotlinprojects\UnivEven\project
[debug] [Loading] Found non-root projects 
[debug] [Loading] Done in C:\Users\Admin\IdeaProjects\kotlinprojects\UnivEven\project, returning: ()
[debug] deducing auto plugins based on known facts Set(Atom(sbt.plugins.CorePlugin)) and clauses Clauses(Clause(Atom(sbt.plugins.JvmPlugin),Set(Atom(sbt.plugins.IvyPlugin)))
[debug] Clause(Atom(sbt.ScriptedPlugin),Set(Atom(sbt.plugins.JvmPlugin)))
[debug] Clause(Atom(sbt.plugins.SbtPlugin),Set(Atom(sbt.ScriptedPlugin)))
[debug] Clause(Atom(sbt.plugins.SemanticdbPlugin),Set(Atom(sbt.plugins.JvmPlugin)))
[debug] Clause(Atom(sbt.plugins.JUnitXmlReportPlugin),Set(Atom(sbt.plugins.JvmPlugin)))
[debug] Clause(Atom(sbt.plugins.MiniDependencyTreePlugin),Set(Atom(sbt.plugins.JvmPlugin)))
[debug] Clause(Atom(sbt.plugins.CorePlugin),Set(Atom(sbt.plugins.IvyPlugin)))
[debug] Clause(Atom(sbt.plugins.IvyPlugin),Set(Atom(sbt.plugins.JvmPlugin)))
[debug] Clause(Atom(sbt.plugins.JvmPlugin),Set(Atom(sbt.plugins.SemanticdbPlugin)))
[debug] Clause(Atom(sbt.plugins.JvmPlugin),Set(Atom(sbt.plugins.JUnitXmlReportPlugin)))
[debug] Clause(Atom(sbt.plugins.CorePlugin),Set(Atom(sbt.plugins.Giter8TemplatePlugin)))
[debug] Clause(Atom(sbt.plugins.JvmPlugin),Set(Atom(sbt.plugins.MiniDependencyTreePlugin))))
[debug]   :: deduced result: Matched(sbt.plugins.CorePlugin,sbt.plugins.Giter8TemplatePlugin,sbt.plugins.IvyPlugin,sbt.plugins.JvmPlugin,sbt.plugins.MiniDependencyTreePlugin,sbt.plugins.JUnitXmlReportPlugin,sbt.plugins.SemanticdbPlugin)
[debug] Plugins.deducer#function took 17.5379 ms
[debug]               Load.resolveProject(univeven-build) took 39.3624ms
[debug]             Load.loadTransitive: finalizeProject(Project(id univeven-build, base: C:\Users\Admin\IdeaProjects\kotlinprojects\UnivEven\project, plugins: List(<none>))) took 76.015ms
[debug] [Loading] Done in C:\Users\Admin\IdeaProjects\kotlinprojects\UnivEven\project, returning: (univeven-build)
[debug]           Load.loadUnit: loadedProjectsRaw took 102.0935ms
[debug]           Load.loadUnit: cleanEvalClasses took 0.1854ms
[debug]         Load.loadUnit(file:/C:/Users/Admin/IdeaProjects/kotlinprojects/UnivEven/project/, ...) took 205.1066ms
[debug]       Load.apply: load took 332.4016ms
[debug]       Load.apply: resolveProjects took 4.8791ms
[debug]       Load.apply: finalTransforms took 48.6457ms
[debug]       Load.apply: config.delegates took 7.1186ms
[debug]       Load.apply: Def.make(settings)... took 257.5286ms
[debug]       Load.apply: structureIndex took 69.157ms
[debug]       Load.apply: mkStreams took 1.2004ms
[info] loading project definition from C:\Users\Admin\IdeaProjects\kotlinprojects\UnivEven\project
[debug] Running task... Cancel: Signal, check cycles: false, forcegc: true
[debug]     Load.loadUnit: plugins took 1276.2763ms
[debug]     Load.loadUnit: defsScala took 0.0026ms
[debug] [Loading] Scanning directory C:\Users\Admin\IdeaProjects\kotlinprojects\UnivEven
[debug]       Load.loadUnit: mkEval took 3.8678ms
[debug] [Loading] Found root project root w/ remaining 
[debug] deducing auto plugins based on known facts Set(Atom(sbt.plugins.CorePlugin)) and clauses Clauses(Clause(Atom(sbt.plugins.JvmPlugin),Set(Atom(sbt.plugins.IvyPlugin)))
[debug] Clause(Atom(sbt.ScriptedPlugin),Set(Atom(sbt.plugins.JvmPlugin)))
[debug] Clause(Atom(sbt.plugins.SbtPlugin),Set(Atom(sbt.ScriptedPlugin)))
[debug] Clause(Atom(sbt.plugins.SemanticdbPlugin),Set(Atom(sbt.plugins.JvmPlugin)))
[debug] Clause(Atom(sbt.plugins.JUnitXmlReportPlugin),Set(Atom(sbt.plugins.JvmPlugin)))
[debug] Clause(Atom(sbt.plugins.MiniDependencyTreePlugin),Set(Atom(sbt.plugins.JvmPlugin)))
[debug] Clause(Atom(sbt.plugins.CorePlugin),Set(Atom(sbt.plugins.IvyPlugin)))
[debug] Clause(Atom(sbt.plugins.IvyPlugin),Set(Atom(sbt.plugins.JvmPlugin)))
[debug] Clause(Atom(sbt.plugins.JvmPlugin),Set(Atom(sbt.plugins.SemanticdbPlugin)))
[debug] Clause(Atom(sbt.plugins.JvmPlugin),Set(Atom(sbt.plugins.JUnitXmlReportPlugin)))
[debug] Clause(Atom(sbt.plugins.CorePlugin),Set(Atom(sbt.plugins.Giter8TemplatePlugin)))
[debug] Clause(Atom(sbt.plugins.JvmPlugin),Set(Atom(sbt.plugins.MiniDependencyTreePlugin))))
[debug]   :: deduced result: Matched(sbt.plugins.CorePlugin,sbt.plugins.Giter8TemplatePlugin,sbt.plugins.IvyPlugin,sbt.plugins.JvmPlugin,sbt.plugins.MiniDependencyTreePlugin,sbt.plugins.JUnitXmlReportPlugin,sbt.plugins.SemanticdbPlugin)
[debug] Plugins.deducer#function took 1.4025 ms
[info] loading settings for project root from build.sbt ...
[debug]         Load.resolveProject(root) took 1.666ms
[debug]       Load.loadTransitive: finalizeProject(Project(id root, base: C:\Users\Admin\IdeaProjects\kotlinprojects\UnivEven, plugins: List(<none>))) took 3.7353ms
[debug] [Loading] Done in C:\Users\Admin\IdeaProjects\kotlinprojects\UnivEven, returning: (root)
[debug]     Load.loadUnit: loadedProjectsRaw took 116.4438ms
[debug]     Load.loadUnit: cleanEvalClasses took 9.3375ms
[debug]   Load.loadUnit(file:/C:/Users/Admin/IdeaProjects/kotlinprojects/UnivEven/, ...) took 1403.4389ms
[debug] Load.apply: load took 1420.1823ms
[debug] Load.apply: resolveProjects took 0.0847ms
[debug] Load.apply: finalTransforms took 9.2966ms
[debug] Load.apply: config.delegates took 0.3505ms
[debug] Load.apply: Def.make(settings)... took 51.6153ms
[debug] Load.apply: structureIndex took 23.0384ms
[debug] Load.apply: mkStreams took 0.0019ms
[info] set current project to UnivEven (in build file:/C:/Users/Admin/IdeaProjects/kotlinprojects/UnivEven/)
[debug] > Exec(sbtPopOnFailure, None, None)
[debug] > Exec(resumeFromFailure, None, None)
[debug] > Exec(notifyUsersAboutShell, None, None)
[debug] > Exec(iflast shell, None, None)
[debug] > Exec(shell, None, None)
[info] sbt server started at local:sbt-server-4a8af69fd7b34d5b9155
[debug] Writing bsp connection file
[info] started sbt server
