[debug] > Exec(early(addDefaultCommands), None, None)
[debug] > Exec(addDefaultCommands, None, None)
[debug] > Exec(early(initialize), None, None)
[debug] > Exec(initialize, None, None)
[debug] > Exec(boot, None, None)
[debug] > Exec(writeSbtVersion, None, None)
[debug] > Exec(reload, None, None)
[debug] > Exec(sbtStashOnFailure, None, None)
[debug] > Exec(onFailure loadFailed, None, None)
[debug] > Exec(loadp, None, None)
[info] welcome to sbt 1.9.7 (Oracle Corporation Java 19.0.2)
[debug] Load.defaultLoad until apply took 100.1373ms
[debug]           Load.loadUnit: plugins took 62.794ms
[debug]           Load.loadUnit: defsScala took 0.2516ms
[debug] [Loading] Scanning directory C:\Users\Admin\IdeaProjects\kotlinprojects\UnivEven\project
[debug] [Loading] Found non-root projects 
[debug] [Loading] Done in C:\Users\Admin\IdeaProjects\kotlinprojects\UnivEven\project, returning: ()
[debug] deducing auto plugins based on known facts Set(Atom(sbt.plugins.CorePlugin)) and clauses Clauses(Clause(Atom(sbt.plugins.JvmPlugin),Set(Atom(sbt.plugins.IvyPlugin)))
[debug] Clause(Atom(sbt.ScriptedPlugin),Set(Atom(sbt.plugins.JvmPlugin)))
[debug] Clause(Atom(sbt.plugins.SbtPlugin),Set(Atom(sbt.ScriptedPlugin)))
[debug] Clause(Atom(sbt.plugins.SemanticdbPlugin),Set(Atom(sbt.plugins.JvmPlugin)))
[debug] Clause(Atom(sbt.plugins.JUnitXmlReportPlugin),Set(Atom(sbt.plugins.JvmPlugin)))
[debug] Clause(Atom(sbt.plugins.MiniDependencyTreePlugin),Set(Atom(sbt.plugins.JvmPlugin)))
[debug] Clause(Atom(sbt.plugins.CorePlugin),Set(Atom(sbt.plugins.IvyPlugin)))
[debug] Clause(Atom(sbt.plugins.IvyPlugin),Set(Atom(sbt.plugins.JvmPlugin)))
[debug] Clause(Atom(sbt.plugins.JvmPlugin),Set(Atom(sbt.plugins.SemanticdbPlugin)))
[debug] Clause(Atom(sbt.plugins.JvmPlugin),Set(Atom(sbt.plugins.JUnitXmlReportPlugin)))
[debug] Clause(Atom(sbt.plugins.CorePlugin),Set(Atom(sbt.plugins.Giter8TemplatePlugin)))
[debug] Clause(Atom(sbt.plugins.JvmPlugin),Set(Atom(sbt.plugins.MiniDependencyTreePlugin))))
[debug]   :: deduced result: Matched(sbt.plugins.CorePlugin,sbt.plugins.Giter8TemplatePlugin,sbt.plugins.IvyPlugin,sbt.plugins.JvmPlugin,sbt.plugins.MiniDependencyTreePlugin,sbt.plugins.JUnitXmlReportPlugin,sbt.plugins.SemanticdbPlugin)
[debug] Plugins.deducer#function took 15.921 ms
[debug]               Load.resolveProject(univeven-build) took 39.384ms
[debug]             Load.loadTransitive: finalizeProject(Project(id univeven-build, base: C:\Users\Admin\IdeaProjects\kotlinprojects\UnivEven\project, plugins: List(<none>))) took 75.2559ms
[debug] [Loading] Done in C:\Users\Admin\IdeaProjects\kotlinprojects\UnivEven\project, returning: (univeven-build)
[debug]           Load.loadUnit: loadedProjectsRaw took 94.9219ms
[debug]           Load.loadUnit: cleanEvalClasses took 0.2547ms
[debug]         Load.loadUnit(file:/C:/Users/Admin/IdeaProjects/kotlinprojects/UnivEven/project/, ...) took 163.8745ms
[debug]       Load.apply: load took 324.1087ms
[debug]       Load.apply: resolveProjects took 4.609ms
[debug]       Load.apply: finalTransforms took 44.3885ms
[debug]       Load.apply: config.delegates took 4.6558ms
[debug]       Load.apply: Def.make(settings)... took 265.7842ms
[debug]       Load.apply: structureIndex took 73.9961ms
[debug]       Load.apply: mkStreams took 0.9722ms
[info] loading project definition from C:\Users\Admin\IdeaProjects\kotlinprojects\UnivEven\project
[debug] Running task... Cancel: Signal, check cycles: false, forcegc: true
[debug]     Load.loadUnit: plugins took 1946.3993ms
[debug]     Load.loadUnit: defsScala took 0.0022ms
[debug] [Loading] Scanning directory C:\Users\Admin\IdeaProjects\kotlinprojects\UnivEven
[debug]       Load.loadUnit: mkEval took 3.5779ms
[debug] [Loading] Found root project root w/ remaining 
[debug] deducing auto plugins based on known facts Set(Atom(sbt.plugins.CorePlugin)) and clauses Clauses(Clause(Atom(sbt.plugins.JvmPlugin),Set(Atom(sbt.plugins.IvyPlugin)))
[debug] Clause(Atom(sbt.ScriptedPlugin),Set(Atom(sbt.plugins.JvmPlugin)))
[debug] Clause(Atom(sbt.plugins.SbtPlugin),Set(Atom(sbt.ScriptedPlugin)))
[debug] Clause(Atom(sbt.plugins.SemanticdbPlugin),Set(Atom(sbt.plugins.JvmPlugin)))
[debug] Clause(Atom(sbt.plugins.JUnitXmlReportPlugin),Set(Atom(sbt.plugins.JvmPlugin)))
[debug] Clause(Atom(sbt.plugins.MiniDependencyTreePlugin),Set(Atom(sbt.plugins.JvmPlugin)))
[debug] Clause(Atom(sbt.plugins.CorePlugin),Set(Atom(sbt.plugins.IvyPlugin)))
[debug] Clause(Atom(sbt.plugins.IvyPlugin),Set(Atom(sbt.plugins.JvmPlugin)))
[debug] Clause(Atom(sbt.plugins.JvmPlugin),Set(Atom(sbt.plugins.SemanticdbPlugin)))
[debug] Clause(Atom(sbt.plugins.JvmPlugin),Set(Atom(sbt.plugins.JUnitXmlReportPlugin)))
[debug] Clause(Atom(sbt.plugins.CorePlugin),Set(Atom(sbt.plugins.Giter8TemplatePlugin)))
[debug] Clause(Atom(sbt.plugins.JvmPlugin),Set(Atom(sbt.plugins.MiniDependencyTreePlugin))))
[debug]   :: deduced result: Matched(sbt.plugins.CorePlugin,sbt.plugins.Giter8TemplatePlugin,sbt.plugins.IvyPlugin,sbt.plugins.JvmPlugin,sbt.plugins.MiniDependencyTreePlugin,sbt.plugins.JUnitXmlReportPlugin,sbt.plugins.SemanticdbPlugin)
[debug] Plugins.deducer#function took 1.3666 ms
[info] loading settings for project root from build.sbt ...
[debug]         Load.resolveProject(root) took 1.8254ms
[debug]       Load.loadTransitive: finalizeProject(Project(id root, base: C:\Users\Admin\IdeaProjects\kotlinprojects\UnivEven, plugins: List(<none>))) took 3.9631ms
[debug] [Loading] Done in C:\Users\Admin\IdeaProjects\kotlinprojects\UnivEven, returning: (root)
[debug]     Load.loadUnit: loadedProjectsRaw took 1637.8737ms
[debug]     Load.loadUnit: cleanEvalClasses took 8.0846ms
[debug]   Load.loadUnit(file:/C:/Users/Admin/IdeaProjects/kotlinprojects/UnivEven/, ...) took 3593.8583ms
[debug] Load.apply: load took 3612.4241ms
[debug] Load.apply: resolveProjects took 0.0821ms
[debug] Load.apply: finalTransforms took 7.2251ms
[debug] Load.apply: config.delegates took 0.308ms
[debug] Load.apply: Def.make(settings)... took 64.2155ms
[debug] Load.apply: structureIndex took 23.5138ms
[debug] Load.apply: mkStreams took 0.0018ms
[info] set current project to UnivEven (in build file:/C:/Users/Admin/IdeaProjects/kotlinprojects/UnivEven/)
[debug] > Exec(sbtPopOnFailure, None, None)
[debug] > Exec(resumeFromFailure, None, None)
[debug] > Exec(notifyUsersAboutShell, None, None)
[debug] > Exec(iflast shell, None, None)
[debug] > Exec(shell, None, None)
[info] sbt server started at local:sbt-server-4a8af69fd7b34d5b9155
[debug] Writing bsp connection file
[info] started sbt server
