[debug] > Exec(early(addDefaultCommands), None, None)
[debug] > Exec(addDefaultCommands, None, None)
[debug] > Exec(early(initialize), None, None)
[debug] > Exec(initialize, None, None)
[debug] > Exec(boot, None, None)
[debug] > Exec(writeSbtVersion, None, None)
[debug] > Exec(reload, None, None)
[debug] > Exec(sbtStashOnFailure, None, None)
[debug] > Exec(onFailure loadFailed, None, None)
[debug] > Exec(loadp, None, None)
[info] welcome to sbt 1.9.7 (Oracle Corporation Java 19.0.2)
[debug] Load.defaultLoad until apply took 74.6884ms
[debug]           Load.loadUnit: plugins took 65.7881ms
[debug]           Load.loadUnit: defsScala took 0.225ms
[debug] [Loading] Scanning directory C:\Users\Admin\IdeaProjects\kotlinprojects\UnivEven\project
[debug] [Loading] Found non-root projects 
[debug] [Loading] Done in C:\Users\Admin\IdeaProjects\kotlinprojects\UnivEven\project, returning: ()
[debug] deducing auto plugins based on known facts Set(Atom(sbt.plugins.CorePlugin)) and clauses Clauses(Clause(Atom(sbt.plugins.JvmPlugin),Set(Atom(sbt.plugins.IvyPlugin)))
[debug] Clause(Atom(sbt.ScriptedPlugin),Set(Atom(sbt.plugins.JvmPlugin)))
[debug] Clause(Atom(sbt.plugins.SbtPlugin),Set(Atom(sbt.ScriptedPlugin)))
[debug] Clause(Atom(sbt.plugins.SemanticdbPlugin),Set(Atom(sbt.plugins.JvmPlugin)))
[debug] Clause(Atom(sbt.plugins.JUnitXmlReportPlugin),Set(Atom(sbt.plugins.JvmPlugin)))
[debug] Clause(Atom(sbt.plugins.MiniDependencyTreePlugin),Set(Atom(sbt.plugins.JvmPlugin)))
[debug] Clause(Atom(sbt.plugins.CorePlugin),Set(Atom(sbt.plugins.IvyPlugin)))
[debug] Clause(Atom(sbt.plugins.IvyPlugin),Set(Atom(sbt.plugins.JvmPlugin)))
[debug] Clause(Atom(sbt.plugins.JvmPlugin),Set(Atom(sbt.plugins.SemanticdbPlugin)))
[debug] Clause(Atom(sbt.plugins.JvmPlugin),Set(Atom(sbt.plugins.JUnitXmlReportPlugin)))
[debug] Clause(Atom(sbt.plugins.CorePlugin),Set(Atom(sbt.plugins.Giter8TemplatePlugin)))
[debug] Clause(Atom(sbt.plugins.JvmPlugin),Set(Atom(sbt.plugins.MiniDependencyTreePlugin))))
[debug]   :: deduced result: Matched(sbt.plugins.CorePlugin,sbt.plugins.Giter8TemplatePlugin,sbt.plugins.IvyPlugin,sbt.plugins.JvmPlugin,sbt.plugins.MiniDependencyTreePlugin,sbt.plugins.JUnitXmlReportPlugin,sbt.plugins.SemanticdbPlugin)
[debug] Plugins.deducer#function took 14.4947 ms
[debug]               Load.resolveProject(univeven-build) took 33.9508ms
[debug]             Load.loadTransitive: finalizeProject(Project(id univeven-build, base: C:\Users\Admin\IdeaProjects\kotlinprojects\UnivEven\project, plugins: List(<none>))) took 66.9927ms
[debug] [Loading] Done in C:\Users\Admin\IdeaProjects\kotlinprojects\UnivEven\project, returning: (univeven-build)
[debug]           Load.loadUnit: loadedProjectsRaw took 88.0018ms
[debug]           Load.loadUnit: cleanEvalClasses took 0.2663ms
[debug]         Load.loadUnit(file:/C:/Users/Admin/IdeaProjects/kotlinprojects/UnivEven/project/, ...) took 158.9888ms
[debug]       Load.apply: load took 360.3819ms
[debug]       Load.apply: resolveProjects took 5.0058ms
[debug]       Load.apply: finalTransforms took 52.382ms
[debug]       Load.apply: config.delegates took 5.5408ms
[debug]       Load.apply: Def.make(settings)... took 273.3754ms
[debug]       Load.apply: structureIndex took 72.1946ms
[debug]       Load.apply: mkStreams took 0.9874ms
[info] loading project definition from C:\Users\Admin\IdeaProjects\kotlinprojects\UnivEven\project
[debug] Running task... Cancel: Signal, check cycles: false, forcegc: true
[debug]     Load.loadUnit: plugins took 1402.1069ms
[debug]     Load.loadUnit: defsScala took 0.0028ms
[debug] [Loading] Scanning directory C:\Users\Admin\IdeaProjects\kotlinprojects\UnivEven
[debug]       Load.loadUnit: mkEval took 3.2062ms
[debug] [Loading] Found root project root w/ remaining 
[debug] deducing auto plugins based on known facts Set(Atom(sbt.plugins.CorePlugin)) and clauses Clauses(Clause(Atom(sbt.plugins.JvmPlugin),Set(Atom(sbt.plugins.IvyPlugin)))
[debug] Clause(Atom(sbt.ScriptedPlugin),Set(Atom(sbt.plugins.JvmPlugin)))
[debug] Clause(Atom(sbt.plugins.SbtPlugin),Set(Atom(sbt.ScriptedPlugin)))
[debug] Clause(Atom(sbt.plugins.SemanticdbPlugin),Set(Atom(sbt.plugins.JvmPlugin)))
[debug] Clause(Atom(sbt.plugins.JUnitXmlReportPlugin),Set(Atom(sbt.plugins.JvmPlugin)))
[debug] Clause(Atom(sbt.plugins.MiniDependencyTreePlugin),Set(Atom(sbt.plugins.JvmPlugin)))
[debug] Clause(Atom(sbt.plugins.CorePlugin),Set(Atom(sbt.plugins.IvyPlugin)))
[debug] Clause(Atom(sbt.plugins.IvyPlugin),Set(Atom(sbt.plugins.JvmPlugin)))
[debug] Clause(Atom(sbt.plugins.JvmPlugin),Set(Atom(sbt.plugins.SemanticdbPlugin)))
[debug] Clause(Atom(sbt.plugins.JvmPlugin),Set(Atom(sbt.plugins.JUnitXmlReportPlugin)))
[debug] Clause(Atom(sbt.plugins.CorePlugin),Set(Atom(sbt.plugins.Giter8TemplatePlugin)))
[debug] Clause(Atom(sbt.plugins.JvmPlugin),Set(Atom(sbt.plugins.MiniDependencyTreePlugin))))
[debug]   :: deduced result: Matched(sbt.plugins.CorePlugin,sbt.plugins.Giter8TemplatePlugin,sbt.plugins.IvyPlugin,sbt.plugins.JvmPlugin,sbt.plugins.MiniDependencyTreePlugin,sbt.plugins.JUnitXmlReportPlugin,sbt.plugins.SemanticdbPlugin)
[debug] Plugins.deducer#function took 1.3409 ms
[info] loading settings for project root from build.sbt ...
[debug]         Load.resolveProject(root) took 2.0477ms
[debug]       Load.loadTransitive: finalizeProject(Project(id root, base: C:\Users\Admin\IdeaProjects\kotlinprojects\UnivEven, plugins: List(<none>))) took 4.176ms
[debug] [Loading] Done in C:\Users\Admin\IdeaProjects\kotlinprojects\UnivEven, returning: (root)
[debug]     Load.loadUnit: loadedProjectsRaw took 117.3064ms
[debug]     Load.loadUnit: cleanEvalClasses took 9.2397ms
[debug]   Load.loadUnit(file:/C:/Users/Admin/IdeaProjects/kotlinprojects/UnivEven/, ...) took 1530.1607ms
[debug] Load.apply: load took 1549.1242ms
[debug] Load.apply: resolveProjects took 0.0868ms
[debug] Load.apply: finalTransforms took 9.313ms
[debug] Load.apply: config.delegates took 0.3243ms
[debug] Load.apply: Def.make(settings)... took 57.1194ms
[debug] Load.apply: structureIndex took 24.3405ms
[debug] Load.apply: mkStreams took 0.0018ms
[info] set current project to UnivEven (in build file:/C:/Users/Admin/IdeaProjects/kotlinprojects/UnivEven/)
[debug] > Exec(sbtPopOnFailure, None, None)
[debug] > Exec(resumeFromFailure, None, None)
[debug] > Exec(notifyUsersAboutShell, None, None)
[debug] > Exec(iflast shell, None, None)
[debug] > Exec(shell, None, None)
[info] sbt server started at local:sbt-server-4a8af69fd7b34d5b9155
[debug] Writing bsp connection file
[info] started sbt server
